  Working directory is set to: /home/balazs/Dropbox/HomeProjects/bitbucket/LEMPS/Examples/cavity_flow
  XML file is loaded successfully.
    Initial conditions: from XML file.

  ==============================================================================
    Case
  ------------------------------------------------------------------------------
  ==============================================================================
    Function space
  ------------------------------------------------------------------------------
  ==============================================================================
     Workspace (number of nodes: 2798)
  ------------------------------------------------------------------------------
      Constants:
         1) xsize = 2
         2) ysize = 1
         3) csize = 0.05
         4) dx = 0.0238095
         5) h = 0.025
         6) rho0 = 1000
         7) mass = 0.566894
         8) g = 1 | 0
         9) c = 13.4164
         10) CFL = 0.2
      Variables:
         1) dt = 1e-05
         2) T = 0
      Fields:
         1) id                  [1 by 1]
         2) {r}   Domain: min: -20 | -15, max: 20 | 15, cell size: 0.05
         3) gid                 [1 by 1]
         4) a                   [2 by 1]
         5) v                   [2 by 1]
         6) rho                 [1 by 1]
         7) rho_dot             [1 by 1]
         8) p                   [1 by 1]
  ==============================================================================
      Functions:
         1) time: T = (T+dt)
         2) continuity: rho_dot = ((-(rho*sph_D00(v,mass,rho,Wp52220)))+(((0.1*c)*h)*sph_L00(rho,mass,rho,Wp52220)))
         3) irho: rho = (rho+int1((rho_dot,dt))
         4) EOS: p = (((c^2)*(rho-rho0))+10000)
         5) euler: a = if((gid,(0*v),(((-((1/rho)*sph_G11(p,mass,rho,Wp52220)))+(0.01*sph_L00(v,mass,rho,Wp52220)))+g))
         6) vel: v = (v+int1((a,dt))
         7) pos: {r} = ({r}+int1((v,dt))
         8) new_dt: dt = (CFL*min((sqrt(((h/fmax(magnitude((a)))),(h/c)))
  ==============================================================================
  ==============================================================================
    Parameter space
  ------------------------------------------------------------------------------
      Parameters:
        1) simulated_time = 5
        2) print_interval = 0.01
        3) confirm_on_exit = 0
  ==============================================================================
  ==============================================================================
   Number of threads used: 8 (8 available)
   Starting calculation...

  ==============================================================================
                         System time: 08.12.2016 17:30
  ==============================================================================
  | N# | Time step | Substeps | All steps |  Time |  ts/s  |  Estimated Finish |
  ==============================================================================
     0   1.000e-05          0           0   0.000   000.00   08.12.2016 17:30
     1   3.727e-04         28          28   0.010   005.04   08.12.2016 18:18
     2   3.727e-04         27          55   0.020   005.19   08.12.2016 18:14
     3   3.727e-04         27          82   0.030   005.29   08.12.2016 18:14
     4   3.727e-04         27         109   0.040   004.71   08.12.2016 18:14
     5   3.727e-04         27         136   0.050   004.31   08.12.2016 18:16
     6   3.727e-04         27         163   0.060   004.88   08.12.2016 18:16
     7   3.727e-04         27         190   0.070   003.74   08.12.2016 18:18
     8   3.727e-04         27         217   0.081   005.22   08.12.2016 18:16
     9   3.727e-04         27         244   0.091   004.19   08.12.2016 18:18
    10   3.727e-04         27         271   0.101   004.14   08.12.2016 18:18
    11   3.727e-04         27         298   0.111   004.72   08.12.2016 18:18
    12   3.727e-04         27         325   0.121   004.10   08.12.2016 18:18
    13   3.727e-04         27         352   0.131   005.04   08.12.2016 18:18
    14   3.727e-04         27         379   0.141   003.89   08.12.2016 18:18
    15   3.727e-04         27         406   0.151   005.25   08.12.2016 18:18
    16   3.727e-04         27         433   0.161   004.33   08.12.2016 18:18
    17   3.727e-04         27         460   0.171   004.31   08.12.2016 18:18
    18   3.727e-04         27         487   0.181   004.63   08.12.2016 18:18
    19   3.727e-04         27         514   0.191   004.39   08.12.2016 18:18
    20   3.727e-04         27         541   0.201   005.02   08.12.2016 18:18
    21   3.727e-04         27         568   0.211   003.96   08.12.2016 18:18
    22   3.727e-04         27         595   0.221   004.98   08.12.2016 18:18
    23   3.727e-04         27         622   0.231   003.86   08.12.2016 18:18
    24   3.727e-04         27         649   0.242   005.30   08.12.2016 18:18
    25   3.727e-04         27         676   0.252   004.20   08.12.2016 18:18
    26   3.727e-04         27         703   0.262   004.28   08.12.2016 18:18
    27   3.727e-04         27         730   0.272   004.26   08.12.2016 18:18
    28   3.727e-04         27         757   0.282   004.30   08.12.2016 18:18
    29   3.727e-04         27         784   0.292   004.26   08.12.2016 18:18
    30   3.727e-04         27         811   0.302   003.82   08.12.2016 18:21
    31   3.727e-04         27         838   0.312   004.71   08.12.2016 18:21
    32   3.727e-04         27         865   0.322   003.65   08.12.2016 18:21
    33   3.727e-04         27         892   0.332   004.61   08.12.2016 18:21
    34   3.727e-04         27         919   0.342   003.79   08.12.2016 18:21
    35   3.727e-04         27         946   0.352   004.87   08.12.2016 18:21
    36   3.727e-04         27         973   0.362   004.15   08.12.2016 18:21
    37   3.727e-04         27        1000   0.372   004.47   08.12.2016 18:21
    38   3.727e-04         27        1027   0.382   004.62   08.12.2016 18:21
    39   3.727e-04         27        1054   0.392   004.16   08.12.2016 18:21
    40   3.727e-04         27        1081   0.403   004.74   08.12.2016 18:21
    41   3.727e-04         27        1108   0.413   003.76   08.12.2016 18:21
    42   3.727e-04         27        1135   0.423   004.75   08.12.2016 18:21
    43   3.727e-04         27        1162   0.433   003.47   08.12.2016 18:21
    44   3.727e-04         27        1189   0.443   004.97   08.12.2016 18:21
    45   3.727e-04         27        1216   0.453   003.69   08.12.2016 18:21
    46   3.727e-04         27        1243   0.463   004.54   08.12.2016 18:21
    47   3.727e-04         27        1270   0.473   003.90   08.12.2016 18:21
    48   3.727e-04         27        1297   0.483   004.30   08.12.2016 18:21
    49   3.727e-04         27        1324   0.493   004.32   08.12.2016 18:21
    50   3.727e-04         27        1351   0.503   003.93   08.12.2016 18:21
  ==============================================================================
  | N# | Time step | Substeps | All steps |  Time |  ts/s  |  Estimated Finish |
  ==============================================================================
    51   3.727e-04         27        1378   0.513   004.62   08.12.2016 18:21
    52   3.727e-04         27        1405   0.523   003.70   08.12.2016 18:21
    53   3.727e-04         27        1432   0.533   004.94   08.12.2016 18:21
    54   3.727e-04         27        1459   0.543   003.64   08.12.2016 18:21
    55   3.727e-04         27        1486   0.553   004.82   08.12.2016 18:21
    56   3.727e-04         27        1513   0.563   003.98   08.12.2016 18:21
    57   3.727e-04         27        1540   0.574   004.56   08.12.2016 18:21
    58   3.727e-04         27        1567   0.584   004.41   08.12.2016 18:21
    59   3.727e-04         27        1594   0.594   004.04   08.12.2016 18:21
    60   3.727e-04         27        1621   0.604   004.69   08.12.2016 18:21
    61   3.727e-04         27        1648   0.614   003.85   08.12.2016 18:21
    62   3.727e-04         27        1675   0.624   004.99   08.12.2016 18:21
    63   3.727e-04         27        1702   0.634   003.35   08.12.2016 18:21
    64   3.727e-04         27        1729   0.644   004.67   08.12.2016 18:21
    65   3.727e-04         27        1756   0.654   003.90   08.12.2016 18:21
    66   3.727e-04         27        1783   0.664   004.50   08.12.2016 18:21
    67   3.727e-04         27        1810   0.674   003.96   08.12.2016 18:21
    68   3.727e-04         27        1837   0.684   003.59   08.12.2016 18:21
    69   3.727e-04         27        1864   0.694   004.36   08.12.2016 18:21
    70   3.727e-04         27        1891   0.704   003.99   08.12.2016 18:21
    71   3.727e-04         27        1918   0.714   004.35   08.12.2016 18:21
    72   3.727e-04         27        1945   0.724   003.65   08.12.2016 18:21
    73   3.727e-04         27        1972   0.735   004.57   08.12.2016 18:21
    74   3.727e-04         27        1999   0.745   003.67   08.12.2016 18:21
    75   3.727e-04         27        2026   0.755   004.68   08.12.2016 18:21
    76   3.727e-04         27        2053   0.765   004.00   08.12.2016 18:21
    77   3.727e-04         27        2080   0.775   004.30   08.12.2016 18:21
    78   3.727e-04         27        2107   0.785   004.48   08.12.2016 18:21
    79   3.727e-04         27        2134   0.795   003.69   08.12.2016 18:21
    80   3.727e-04         27        2161   0.805   004.94   08.12.2016 18:21
    81   3.727e-04         27        2188   0.815   003.80   08.12.2016 18:21
    82   3.727e-04         27        2215   0.825   004.55   08.12.2016 18:21
    83   3.727e-04         27        2242   0.835   004.13   08.12.2016 18:21
    84   3.727e-04         27        2269   0.845   003.77   08.12.2016 18:21
    85   3.727e-04         27        2296   0.855   002.71   08.12.2016 18:23
    86   3.727e-04         27        2323   0.865   003.31   08.12.2016 18:23
    87   3.727e-04         27        2350   0.875   005.17   08.12.2016 18:23
    88   3.727e-04         27        2377   0.885   004.02   08.12.2016 18:23
    89   3.727e-04         27        2404   0.896   004.85   08.12.2016 18:23
    90   3.727e-04         27        2431   0.906   004.27   08.12.2016 18:23
    91   3.727e-04         27        2458   0.916   003.85   08.12.2016 18:23
    92   3.727e-04         27        2485   0.926   004.33   08.12.2016 18:23
    93   3.727e-04         27        2512   0.936   003.91   08.12.2016 18:23
    94   3.727e-04         27        2539   0.946   004.93   08.12.2016 18:23
    95   3.727e-04         27        2566   0.956   003.82   08.12.2016 18:23
    96   3.727e-04         27        2593   0.966   004.86   08.12.2016 18:23
    97   3.727e-04         27        2620   0.976   004.06   08.12.2016 18:23
    98   3.727e-04         27        2647   0.986   004.47   08.12.2016 18:23
    99   3.727e-04         27        2674   0.996   004.48   08.12.2016 18:23
   100   3.727e-04         27        2701   1.006   003.98   08.12.2016 18:23
   101   3.727e-04         27        2728   1.016   005.16   08.12.2016 18:23
  ==============================================================================
  | N# | Time step | Substeps | All steps |  Time |  ts/s  |  Estimated Finish |
  ==============================================================================
   102   3.727e-04         27        2755   1.026   003.85   08.12.2016 18:23
   103   3.727e-04         27        2782   1.036   004.45   08.12.2016 18:23
   104   3.727e-04         27        2809   1.046   002.77   08.12.2016 18:23
   105   3.727e-04         27        2836   1.057   003.62   08.12.2016 18:23
   106   3.727e-04         27        2863   1.067   005.18   08.12.2016 18:23
   107   3.727e-04         27        2890   1.077   004.02   08.12.2016 18:23
   108   3.727e-04         27        2917   1.087   004.71   08.12.2016 18:23
   109   3.727e-04         27        2944   1.097   004.16   08.12.2016 18:23
   110   3.727e-04         27        2971   1.107   004.01   08.12.2016 18:23
   111   3.727e-04         27        2998   1.117   003.91   08.12.2016 18:23
   112   3.727e-04         27        3025   1.127   002.68   08.12.2016 18:23
   113   3.727e-04         27        3052   1.137   005.12   08.12.2016 18:23
   114   3.727e-04         27        3079   1.147   004.21   08.12.2016 18:23
   115   3.727e-04         27        3106   1.157   004.39   08.12.2016 18:23
   116   3.727e-04         27        3133   1.167   004.31   08.12.2016 18:23
   117   3.727e-04         27        3160   1.177   004.07   08.12.2016 18:23
   118   3.727e-04         27        3187   1.187   003.68   08.12.2016 18:23
   119   3.727e-04         27        3214   1.197   002.79   08.12.2016 18:23
   120   3.727e-04         27        3241   1.207   005.11   08.12.2016 18:23
   121   3.727e-04         27        3268   1.217   004.14   08.12.2016 18:23
   122   3.727e-04         27        3295   1.228   004.38   08.12.2016 18:23
   123   3.727e-04         27        3322   1.238   004.40   08.12.2016 18:23
   124   3.727e-04         27        3349   1.248   003.82   08.12.2016 18:23
   125   3.727e-04         27        3376   1.258   004.83   08.12.2016 18:23
   126   3.727e-04         27        3403   1.268   003.77   08.12.2016 18:23
   127   3.727e-04         27        3430   1.278   004.76   08.12.2016 18:23
   128   3.727e-04         27        3457   1.288   003.97   08.12.2016 18:23
   129   3.727e-04         27        3484   1.298   004.26   08.12.2016 18:23
   130   3.727e-04         27        3511   1.308   002.41   08.12.2016 18:23
   131   3.727e-04         27        3538   1.318   004.29   08.12.2016 18:23
   132   3.727e-04         27        3565   1.328   005.14   08.12.2016 18:23
   133   3.727e-04         27        3592   1.338   003.79   08.12.2016 18:23
   134   3.727e-04         27        3619   1.348   004.96   08.12.2016 18:23
   135   3.727e-04         27        3646   1.358   003.95   08.12.2016 18:23
   136   3.727e-04         27        3673   1.368   004.47   08.12.2016 18:23
   137   3.727e-04         27        3700   1.378   004.20   08.12.2016 18:23
   138   3.727e-04         27        3727   1.389   003.97   08.12.2016 18:23
   139   3.727e-04         27        3754   1.399   003.34   08.12.2016 18:23
   140   3.727e-04         27        3781   1.409   002.85   08.12.2016 18:23
   141   3.727e-04         27        3808   1.419   004.72   08.12.2016 18:23
   142   3.727e-04         27        3835   1.429   003.85   08.12.2016 18:23
   143   3.727e-04         27        3862   1.439   004.28   08.12.2016 18:23
   144   3.727e-04         27        3889   1.449   004.28   08.12.2016 18:23
   145   3.727e-04         27        3916   1.459   003.97   08.12.2016 18:23
   146   3.727e-04         27        3943   1.469   004.82   08.12.2016 18:23
   147   3.727e-04         27        3970   1.479   003.66   08.12.2016 18:23
   148   3.727e-04         27        3997   1.489   003.67   08.12.2016 18:23
   149   3.727e-04         27        4024   1.499   002.58   08.12.2016 18:23
   150   3.727e-04         27        4051   1.509   004.88   08.12.2016 18:23
   151   3.727e-04         27        4078   1.519   004.16   08.12.2016 18:23
   152   3.727e-04         27        4105   1.529   004.31   08.12.2016 18:23
  ==============================================================================
  | N# | Time step | Substeps | All steps |  Time |  ts/s  |  Estimated Finish |
  ==============================================================================
   153   3.727e-04         27        4132   1.539   004.49   08.12.2016 18:23
   154   3.727e-04         27        4159   1.550   003.63   08.12.2016 18:23
   155   3.727e-04         27        4186   1.560   003.09   08.12.2016 18:23
   156   3.727e-04         27        4213   1.570   002.90   08.12.2016 18:23
   157   3.727e-04         27        4240   1.580   005.12   08.12.2016 18:23
   158   3.727e-04         27        4267   1.590   004.09   08.12.2016 18:23
   159   3.727e-04         27        4294   1.600   004.40   08.12.2016 18:23
   160   3.727e-04         27        4321   1.610   004.03   08.12.2016 18:23
   161   3.727e-04         27        4348   1.620   003.83   08.12.2016 18:23
   162   3.727e-04         27        4375   1.630   003.98   08.12.2016 18:23
   163   3.727e-04         27        4402   1.640   002.44   08.12.2016 18:25
   164   3.727e-04         27        4429   1.650   004.75   08.12.2016 18:23
   165   3.727e-04         27        4456   1.660   004.01   08.12.2016 18:25
   166   3.727e-04         27        4483   1.670   004.31   08.12.2016 18:23
   167   3.727e-04         27        4510   1.680   004.40   08.12.2016 18:23
   168   3.727e-04         27        4537   1.690   003.76   08.12.2016 18:23
   169   3.727e-04         27        4564   1.700   003.34   08.12.2016 18:25
   170   3.727e-04         27        4591   1.711   002.63   08.12.2016 18:25
   171   3.727e-04         27        4618   1.721   005.33   08.12.2016 18:25
   172   3.727e-04         27        4645   1.731   004.51   08.12.2016 18:25
   173   3.727e-04         27        4672   1.741   004.30   08.12.2016 18:25
   174   3.727e-04         27        4699   1.751   005.09   08.12.2016 18:25
   175   3.727e-04         27        4726   1.761   003.81   08.12.2016 18:25
   176   3.727e-04         27        4753   1.771   004.74   08.12.2016 18:25
   177   3.727e-04         27        4780   1.781   003.51   08.12.2016 18:25
   178   3.727e-04         27        4807   1.791   002.86   08.12.2016 18:25
   179   3.727e-04         27        4834   1.801   005.31   08.12.2016 18:25
   180   3.727e-04         27        4861   1.811   004.28   08.12.2016 18:25
   181   3.727e-04         27        4888   1.821   004.31   08.12.2016 18:25
   182   3.727e-04         27        4915   1.831   004.53   08.12.2016 18:25
   183   3.727e-04         27        4942   1.841   003.85   08.12.2016 18:25
   184   3.727e-04         27        4969   1.851   004.98   08.12.2016 18:25
   185   3.727e-04         27        4996   1.861   003.39   08.12.2016 18:25
   186   3.727e-04         27        5023   1.871   004.55   08.12.2016 18:25
   187   3.727e-04         27        5050   1.882   002.08   08.12.2016 18:25
   188   3.727e-04         27        5077   1.892   005.20   08.12.2016 18:25
   189   3.727e-04         27        5104   1.902   004.86   08.12.2016 18:25
   190   3.727e-04         27        5131   1.912   003.72   08.12.2016 18:25
   191   3.727e-04         27        5158   1.922   004.33   08.12.2016 18:25
   192   3.727e-04         27        5185   1.932   003.83   08.12.2016 18:25
   193   3.727e-04         27        5212   1.942   002.33   08.12.2016 18:25
   194   3.727e-04         27        5239   1.952   005.08   08.12.2016 18:25
   195   3.727e-04         27        5266   1.962   003.77   08.12.2016 18:25
   196   3.727e-04         27        5293   1.972   004.34   08.12.2016 18:25
   197   3.727e-04         27        5320   1.982   004.15   08.12.2016 18:25
   198   3.727e-04         27        5347   1.992   003.88   08.12.2016 18:25
   199   3.727e-04         27        5374   2.002   003.40   08.12.2016 18:25
   200   3.727e-04         27        5401   2.012   002.52   08.12.2016 18:25
   201   3.727e-04         27        5428   2.022   005.10   08.12.2016 18:25
   202   3.727e-04         27        5455   2.032   004.23   08.12.2016 18:25
   203   3.727e-04         27        5482   2.043   004.24   08.12.2016 18:25
  ==============================================================================
  | N# | Time step | Substeps | All steps |  Time |  ts/s  |  Estimated Finish |
  ==============================================================================
   204   3.727e-04         27        5509   2.053   003.26   08.12.2016 18:25
   205   3.727e-04         27        5536   2.063   002.72   08.12.2016 18:25
   206   3.727e-04         27        5563   2.073   005.11   08.12.2016 18:25
   207   3.727e-04         27        5590   2.083   004.03   08.12.2016 18:25
   208   3.727e-04         27        5617   2.093   004.19   08.12.2016 18:25
   209   3.727e-04         27        5644   2.103   003.18   08.12.2016 18:25
   210   3.727e-04         27        5671   2.113   002.42   08.12.2016 18:25
   211   3.727e-04         27        5698   2.123   005.07   08.12.2016 18:25
   212   3.727e-04         27        5725   2.133   004.07   08.12.2016 18:25
   213   3.727e-04         27        5752   2.143   004.16   08.12.2016 18:25
   214   3.727e-04         27        5779   2.153   004.40   08.12.2016 18:25
   215   3.727e-04         27        5806   2.163   003.53   08.12.2016 18:25
   216   3.727e-04         27        5833   2.173   004.03   08.12.2016 18:25
   217   3.727e-04         27        5860   2.183   002.32   08.12.2016 18:25
   218   3.727e-04         27        5887   2.193   005.00   08.12.2016 18:25
   219   3.727e-04         27        5914   2.204   004.14   08.12.2016 18:25
   220   3.727e-04         27        5941   2.214   004.08   08.12.2016 18:25
   221   3.727e-04         27        5968   2.224   003.01   08.12.2016 18:25
   222   3.727e-04         27        5995   2.234   002.83   08.12.2016 18:25
   223   3.727e-04         27        6022   2.244   004.91   08.12.2016 18:25
   224   3.727e-04         27        6049   2.254   003.51   08.12.2016 18:25
   225   3.727e-04         27        6076   2.264   004.46   08.12.2016 18:25
   226   3.727e-04         27        6103   2.274   001.97   08.12.2016 18:25
   227   3.727e-04         27        6130   2.284   004.71   08.12.2016 18:25
   228   3.727e-04         27        6157   2.294   003.96   08.12.2016 18:25
   229   3.727e-04         27        6184   2.304   004.03   08.12.2016 18:25
   230   3.727e-04         27        6211   2.314   002.73   08.12.2016 18:25
   231   3.727e-04         27        6238   2.324   003.15   08.12.2016 18:25
   232   3.727e-04         27        6265   2.334   005.01   08.12.2016 18:25
   233   3.727e-04         27        6292   2.344   004.00   08.12.2016 18:25
   234   3.727e-04         27        6319   2.354   004.56   08.12.2016 18:25
   235   3.727e-04         27        6346   2.365   002.37   08.12.2016 18:25
   236   3.727e-04         27        6373   2.375   003.14   08.12.2016 18:25
   237   3.727e-04         27        6400   2.385   005.07   08.12.2016 18:25
   238   3.727e-04         27        6427   2.395   003.57   08.12.2016 18:25
   239   3.727e-04         27        6454   2.405   003.93   08.12.2016 18:25
   240   3.727e-04         27        6481   2.415   002.19   08.12.2016 18:25
   241   3.727e-04         27        6508   2.425   005.11   08.12.2016 18:25
   242   3.727e-04         27        6535   2.435   004.88   08.12.2016 18:25
   243   3.727e-04         27        6562   2.445   003.94   08.12.2016 18:25
   244   3.727e-04         27        6589   2.455   004.54   08.12.2016 18:25
   245   3.727e-04         27        6616   2.465   004.22   08.12.2016 18:25
   246   3.727e-04         27        6643   2.475   003.89   08.12.2016 18:25
   247   3.727e-04         27        6670   2.485   004.36   08.12.2016 18:25
   248   3.727e-04         27        6697   2.495   002.33   08.12.2016 18:25
   249   3.727e-04         27        6724   2.505   005.02   08.12.2016 18:25
   250   3.727e-04         27        6751   2.515   004.63   08.12.2016 18:25
   251   3.727e-04         27        6778   2.525   004.02   08.12.2016 18:25
   252   3.727e-04         27        6805   2.536   005.01   08.12.2016 18:25
   253   3.727e-04         27        6832   2.546   003.76   08.12.2016 18:25
   254   3.727e-04         27        6859   2.556   004.73   08.12.2016 18:25
