  Working directory is set to: /home/balazs/Dropbox/HomeProjects/bitbucket/LEMPS/Examples/6_SPH_lid_driven_cavity
  XML file is loaded successfully.
    Initial conditions: from VTK file.

  ==============================================================================
    Case
  ------------------------------------------------------------------------------
  ==============================================================================
    Function space
  ------------------------------------------------------------------------------
  ==============================================================================
     Workspace (number of nodes: 2029)
  ------------------------------------------------------------------------------
      Constants:
         1) xsize = 1
         2) ysize = 1
         3) csize = 0.05
         4) dx = 0.0238095
         5) h = 0.025
         6) rho0 = 1000
         7) mass = 0.566894
         8) g = 0 | 0
         9) c = 10
         10) CFL = 0.2
      Variables:
         1) dt = 0.0005
         2) T = 20.0003
      Fields:
         1) id                  [1 by 1]
         2) gid                 [1 by 1]
         3) a                   [2 by 1]
         4) v                   [2 by 1]
         5) rho                 [1 by 1]
         6) rho_dot             [1 by 1]
         7) p                   [1 by 1]
         8) {r}   Domain: min: -11 | -11, max: 11 | 11, cell size: 0.05
  ==============================================================================
      Functions:
         1) time: T = (T+dt)
         2) continuity: rho_dot = ((-(rho*sph_D00(v,mass,rho,Wp52220)))+(((0.1*c)*h)*sph_L00(rho,mass,rho,Wp52220)))
         3) irho: rho = (rho+int1(rho_dot,dt))
         4) EOS: p = (((c^2)*(rho-rho0))+1000)
         5) euler: a = if(gid,(0*v),(((-((1/rho)*sph_G11(p,mass,rho,Wp52220)))+(0.004*sph_L00(v,mass,rho,Wp52220)))+g))
         6) vel: v = (v+int1(a,dt))
         7) pos: {r} = if(gid,{r},({r}+int1(v,dt)))
         8) new_dt: dt = (CFL*min(sqrt((h/fmax(magnitude(a)))),(h/c)))
  ==============================================================================
  ==============================================================================
    Parameter space
  ------------------------------------------------------------------------------
      Parameters:
        1) simulated_time = 60
        2) print_interval = 1
        3) confirm_on_exit = 0
  ==============================================================================
  ==============================================================================
   Number of threads used: 8 (8 available)
   Starting calculation...

  ==============================================================================
                         System time: 09.12.2016 01:19
  ==============================================================================
  | N# | Time step | Substeps | All steps |  Time |  ts/s  |  Estimated Finish |
  ==============================================================================
     0   5.000e-04          0           0   0.000   000.00   09.12.2016 01:19
     1   5.000e-04       2000        2000   1.000   006.51   09.12.2016 06:26
