  Working directory is set to: /Users/admin/Dropbox/HomeProjects/bitbucket/LEMPS/Examples/1_Heat_eq_2d
  XML file is loaded successfully.
    Initial conditions: from XML file.

  ==============================================================================
    Case
  ------------------------------------------------------------------------------
  ==============================================================================
    Function space
  ------------------------------------------------------------------------------
  ==============================================================================
     Workspace (number of nodes: 2029)
  ------------------------------------------------------------------------------
      Constants:
         1) csize = 0.05
         2) dx = 0.0238095
         3) rho0 = 1000
         4) mass = 0.566894
         5) dt = 0.002
         6) a = 0.1
      Variables:
         1) T = 0
      Fields:
         1) id                  [1 by 1]
         2) {r}   Domain: min: -1000 | -1000, max: 1000 | 1000, cell size: 0.05
         3) gid                 [1 by 1]
         4) Temp                [1 by 1]
         5) Temp_dot            [1 by 1]
  ==============================================================================
      Functions:
         1) eq0: T = (T+dt)
         2) eq1: Temp_dot = if(gid,0,(a*sph_L00(Temp,mass,rho0,Wp22220)))
         3) p2: Temp = (Temp+int1(Temp_dot,dt))
  ==============================================================================
  ==============================================================================
    Parameter space
  ------------------------------------------------------------------------------
      Parameters:
        1) simulated_time = 5
        2) print_interval = 0.02
        3) confirm_on_exit = 0
  ==============================================================================
  ==============================================================================
   Number of threads used: 8 (4 available)
   Starting calculation...

  ==============================================================================
                         System time: 02.01.2017 17:04
  ==============================================================================
  | N# | Time step | Substeps | All steps |  Time |  ts/s  |  Estimated Finish |
  ==============================================================================
     0   2.000e-03          0           0   0.000   000.00   02.01.2017 17:04
     1   2.000e-03         10          10   0.020   009.30   02.01.2017 17:12
     2   2.000e-03         10          20   0.040   009.09   02.01.2017 17:10
     3   2.000e-03         10          30   0.060   009.48   02.01.2017 17:10
